{"/home/jhonatansaman/Documents/projects/gok/pernambucanas-ui-kit/src/components/form/Button/index.stories.tsx": {"path":"/home/jhonatansaman/Documents/projects/gok/pernambucanas-ui-kit/src/components/form/Button/index.stories.tsx","statementMap":{"0":{"start":{"line":1,"column":0},"end":{"line":1,"column":25}},"1":{"start":{"line":3,"column":0},"end":{"line":3,"column":41}},"2":{"start":{"line":6,"column":0},"end":{"line":9,"column":null}},"3":{"start":{"line":11,"column":13},"end":{"line":15,"column":null}},"4":{"start":{"line":12,"column":2},"end":{"line":13,"column":null}}},"fnMap":{"0":{"name":"(anonymous_1)","decl":{"start":{"line":11,"column":41},"end":{"line":11,"column":44}},"loc":{"start":{"line":12,"column":2},"end":{"line":13,"column":null}}}},"branchMap":{},"s":{"0":0,"1":0,"2":0,"3":0,"4":0},"f":{"0":0},"b":{}}
,"/home/jhonatansaman/Documents/projects/gok/pernambucanas-ui-kit/src/components/form/Button/index.tsx": {"path":"/home/jhonatansaman/Documents/projects/gok/pernambucanas-ui-kit/src/components/form/Button/index.tsx","statementMap":{"0":{"start":{"line":1,"column":0},"end":{"line":1,"column":25}},"1":{"start":{"line":3,"column":0},"end":{"line":3,"column":33}},"2":{"start":{"line":4,"column":0},"end":{"line":4,"column":44}},"3":{"start":{"line":6,"column":13},"end":{"line":30,"column":null}},"4":{"start":{"line":15,"column":2},"end":{"line":28,"column":null}}},"fnMap":{"0":{"name":"(anonymous_1)","decl":{"start":{"line":6,"column":54},"end":{"line":6,"column":55}},"loc":{"start":{"line":15,"column":2},"end":{"line":28,"column":null}}}},"branchMap":{"0":{"loc":{"start":{"line":24,"column":10},"end":{"line":24,"column":22}},"type":"binary-expr","locations":[{"start":{"line":24,"column":10},"end":{"line":24,"column":14}},{"start":{"line":24,"column":18},"end":{"line":24,"column":22}}]},"1":{"loc":{"start":{"line":25,"column":19},"end":{"line":25,"column":66}},"type":"cond-expr","locations":[{"start":{"line":25,"column":40},"end":{"line":25,"column":52}},{"start":{"line":25,"column":55},"end":{"line":25,"column":66}}]}},"s":{"0":0,"1":0,"2":0,"3":0,"4":0},"f":{"0":0},"b":{"0":[0,0],"1":[0,0]}}
,"/home/jhonatansaman/Documents/projects/gok/pernambucanas-ui-kit/src/components/form/Button/styles.ts": {"path":"/home/jhonatansaman/Documents/projects/gok/pernambucanas-ui-kit/src/components/form/Button/styles.ts","statementMap":{"0":{"start":{"line":1,"column":0},"end":{"line":1,"column":47}},"1":{"start":{"line":2,"column":0},"end":{"line":2,"column":32}},"2":{"start":{"line":5,"column":23},"end":{"line":38,"column":null}},"3":{"start":{"line":40,"column":23},"end":{"line":52,"column":null}},"4":{"start":{"line":54,"column":13},"end":{"line":63,"column":null}},"5":{"start":{"line":55,"column":30},"end":{"line":62,"column":null}}},"fnMap":{"0":{"name":"(anonymous_7)","decl":{"start":{"line":55,"column":4},"end":{"line":55,"column":5}},"loc":{"start":{"line":55,"column":30},"end":{"line":62,"column":null}}}},"branchMap":{"0":{"loc":{"start":{"line":56,"column":15},"end":{"line":58,"column":16}},"type":"cond-expr","locations":[{"start":{"line":57,"column":8},"end":{"line":57,"column":72}},{"start":{"line":58,"column":8},"end":{"line":58,"column":16}}]},"1":{"loc":{"start":{"line":60,"column":6},"end":{"line":60,"column":44}},"type":"binary-expr","locations":[{"start":{"line":60,"column":6},"end":{"line":60,"column":10}},{"start":{"line":60,"column":14},"end":{"line":60,"column":44}}]},"2":{"loc":{"start":{"line":61,"column":6},"end":{"line":61,"column":44}},"type":"binary-expr","locations":[{"start":{"line":61,"column":6},"end":{"line":61,"column":10}},{"start":{"line":61,"column":14},"end":{"line":61,"column":44}}]}},"s":{"0":0,"1":0,"2":0,"3":0,"4":0,"5":0},"f":{"0":0},"b":{"0":[0,0],"1":[0,0],"2":[0,0]}}
,"/home/jhonatansaman/Documents/projects/gok/pernambucanas-ui-kit/src/components/typography/index.ts": {"path":"/home/jhonatansaman/Documents/projects/gok/pernambucanas-ui-kit/src/components/typography/index.ts","statementMap":{"0":{"start":{"line":1,"column":0},"end":{"line":1,"column":35}},"1":{"start":{"line":2,"column":0},"end":{"line":2,"column":29}},"2":{"start":{"line":3,"column":0},"end":{"line":3,"column":31}},"3":{"start":{"line":4,"column":0},"end":{"line":4,"column":37}},"4":{"start":{"line":5,"column":0},"end":{"line":5,"column":29}},"5":{"start":{"line":6,"column":0},"end":{"line":6,"column":33}},"6":{"start":{"line":7,"column":0},"end":{"line":7,"column":33}},"7":{"start":{"line":8,"column":0},"end":{"line":8,"column":41}},"8":{"start":{"line":9,"column":0},"end":{"line":9,"column":9}},"9":{"start":{"line":9,"column":9},"end":{"line":9,"column":35}},"10":{"start":{"line":10,"column":0},"end":{"line":10,"column":9}},"11":{"start":{"line":10,"column":9},"end":{"line":10,"column":29}},"12":{"start":{"line":11,"column":0},"end":{"line":11,"column":9}},"13":{"start":{"line":11,"column":9},"end":{"line":11,"column":31}},"14":{"start":{"line":12,"column":0},"end":{"line":12,"column":9}},"15":{"start":{"line":12,"column":9},"end":{"line":12,"column":37}},"16":{"start":{"line":13,"column":0},"end":{"line":13,"column":9}},"17":{"start":{"line":13,"column":9},"end":{"line":13,"column":29}},"18":{"start":{"line":14,"column":0},"end":{"line":14,"column":9}},"19":{"start":{"line":14,"column":9},"end":{"line":14,"column":33}},"20":{"start":{"line":15,"column":0},"end":{"line":15,"column":9}},"21":{"start":{"line":15,"column":9},"end":{"line":15,"column":33}},"22":{"start":{"line":16,"column":0},"end":{"line":16,"column":9}},"23":{"start":{"line":16,"column":9},"end":{"line":16,"column":41}},"24":{"start":{"line":18,"column":0},"end":{"line":27,"column":null}}},"fnMap":{"0":{"name":"(anonymous_0)","decl":{"start":{"line":9,"column":9},"end":{"line":9,"column":16}},"loc":{"start":{"line":9,"column":9},"end":{"line":9,"column":35}}},"1":{"name":"(anonymous_1)","decl":{"start":{"line":10,"column":9},"end":{"line":10,"column":13}},"loc":{"start":{"line":10,"column":9},"end":{"line":10,"column":29}}},"2":{"name":"(anonymous_2)","decl":{"start":{"line":11,"column":9},"end":{"line":11,"column":14}},"loc":{"start":{"line":11,"column":9},"end":{"line":11,"column":31}}},"3":{"name":"(anonymous_3)","decl":{"start":{"line":12,"column":9},"end":{"line":12,"column":17}},"loc":{"start":{"line":12,"column":9},"end":{"line":12,"column":37}}},"4":{"name":"(anonymous_4)","decl":{"start":{"line":13,"column":9},"end":{"line":13,"column":13}},"loc":{"start":{"line":13,"column":9},"end":{"line":13,"column":29}}},"5":{"name":"(anonymous_5)","decl":{"start":{"line":14,"column":9},"end":{"line":14,"column":15}},"loc":{"start":{"line":14,"column":9},"end":{"line":14,"column":33}}},"6":{"name":"(anonymous_6)","decl":{"start":{"line":15,"column":9},"end":{"line":15,"column":15}},"loc":{"start":{"line":15,"column":9},"end":{"line":15,"column":33}}},"7":{"name":"(anonymous_7)","decl":{"start":{"line":16,"column":9},"end":{"line":16,"column":19}},"loc":{"start":{"line":16,"column":9},"end":{"line":16,"column":41}}}},"branchMap":{},"s":{"0":1,"1":1,"2":1,"3":1,"4":1,"5":1,"6":1,"7":1,"8":1,"9":1,"10":1,"11":2,"12":1,"13":1,"14":1,"15":1,"16":1,"17":1,"18":1,"19":1,"20":1,"21":1,"22":1,"23":1,"24":1},"f":{"0":0,"1":1,"2":0,"3":0,"4":0,"5":0,"6":0,"7":0},"b":{}}
,"/home/jhonatansaman/Documents/projects/gok/pernambucanas-ui-kit/src/components/typography/styles.ts": {"path":"/home/jhonatansaman/Documents/projects/gok/pernambucanas-ui-kit/src/components/typography/styles.ts","statementMap":{"0":{"start":{"line":1,"column":0},"end":{"line":1,"column":53}},"1":{"start":{"line":2,"column":0},"end":{"line":2,"column":41}},"2":{"start":{"line":5,"column":13},"end":{"line":30,"column":null}},"3":{"start":{"line":8,"column":5},"end":{"line":30,"column":null}},"4":{"start":{"line":32,"column":13},"end":{"line":57,"column":null}},"5":{"start":{"line":35,"column":5},"end":{"line":57,"column":null}},"6":{"start":{"line":59,"column":13},"end":{"line":64,"column":null}},"7":{"start":{"line":59,"column":65},"end":{"line":64,"column":null}}},"fnMap":{"0":{"name":"(anonymous_0)","decl":{"start":{"line":5,"column":32},"end":{"line":5,"column":null}},"loc":{"start":{"line":8,"column":5},"end":{"line":30,"column":null}}},"1":{"name":"(anonymous_1)","decl":{"start":{"line":32,"column":30},"end":{"line":32,"column":null}},"loc":{"start":{"line":35,"column":5},"end":{"line":57,"column":null}}},"2":{"name":"(anonymous_2)","decl":{"start":{"line":59,"column":33},"end":{"line":59,"column":34}},"loc":{"start":{"line":59,"column":65},"end":{"line":64,"column":null}}}},"branchMap":{"0":{"loc":{"start":{"line":9,"column":11},"end":{"line":29,"column":29}},"type":"cond-expr","locations":[{"start":{"line":10,"column":6},"end":{"line":10,"column":28}},{"start":{"line":11,"column":6},"end":{"line":29,"column":29}}]},"1":{"loc":{"start":{"line":11,"column":6},"end":{"line":29,"column":29}},"type":"cond-expr","locations":[{"start":{"line":12,"column":6},"end":{"line":12,"column":31}},{"start":{"line":13,"column":6},"end":{"line":29,"column":29}}]},"2":{"loc":{"start":{"line":13,"column":6},"end":{"line":29,"column":29}},"type":"cond-expr","locations":[{"start":{"line":14,"column":6},"end":{"line":14,"column":29}},{"start":{"line":15,"column":6},"end":{"line":29,"column":29}}]},"3":{"loc":{"start":{"line":15,"column":6},"end":{"line":29,"column":29}},"type":"cond-expr","locations":[{"start":{"line":16,"column":6},"end":{"line":16,"column":33}},{"start":{"line":17,"column":6},"end":{"line":29,"column":29}}]},"4":{"loc":{"start":{"line":17,"column":6},"end":{"line":29,"column":29}},"type":"cond-expr","locations":[{"start":{"line":18,"column":6},"end":{"line":18,"column":34}},{"start":{"line":19,"column":6},"end":{"line":29,"column":29}}]},"5":{"loc":{"start":{"line":19,"column":6},"end":{"line":29,"column":29}},"type":"cond-expr","locations":[{"start":{"line":20,"column":6},"end":{"line":20,"column":33}},{"start":{"line":21,"column":6},"end":{"line":29,"column":29}}]},"6":{"loc":{"start":{"line":21,"column":6},"end":{"line":29,"column":29}},"type":"cond-expr","locations":[{"start":{"line":22,"column":6},"end":{"line":22,"column":35}},{"start":{"line":23,"column":6},"end":{"line":29,"column":29}}]},"7":{"loc":{"start":{"line":23,"column":6},"end":{"line":29,"column":29}},"type":"cond-expr","locations":[{"start":{"line":24,"column":6},"end":{"line":24,"column":30}},{"start":{"line":25,"column":6},"end":{"line":29,"column":29}}]},"8":{"loc":{"start":{"line":25,"column":6},"end":{"line":29,"column":29}},"type":"cond-expr","locations":[{"start":{"line":26,"column":6},"end":{"line":26,"column":29}},{"start":{"line":27,"column":6},"end":{"line":29,"column":29}}]},"9":{"loc":{"start":{"line":27,"column":6},"end":{"line":29,"column":29}},"type":"cond-expr","locations":[{"start":{"line":28,"column":6},"end":{"line":28,"column":29}},{"start":{"line":29,"column":6},"end":{"line":29,"column":29}}]},"10":{"loc":{"start":{"line":36,"column":22},"end":{"line":56,"column":50}},"type":"cond-expr","locations":[{"start":{"line":37,"column":6},"end":{"line":37,"column":49}},{"start":{"line":38,"column":6},"end":{"line":56,"column":50}}]},"11":{"loc":{"start":{"line":38,"column":6},"end":{"line":56,"column":50}},"type":"cond-expr","locations":[{"start":{"line":39,"column":6},"end":{"line":39,"column":52}},{"start":{"line":40,"column":6},"end":{"line":56,"column":50}}]},"12":{"loc":{"start":{"line":40,"column":6},"end":{"line":56,"column":50}},"type":"cond-expr","locations":[{"start":{"line":41,"column":6},"end":{"line":41,"column":50}},{"start":{"line":42,"column":6},"end":{"line":56,"column":50}}]},"13":{"loc":{"start":{"line":42,"column":6},"end":{"line":56,"column":50}},"type":"cond-expr","locations":[{"start":{"line":43,"column":6},"end":{"line":43,"column":54}},{"start":{"line":44,"column":6},"end":{"line":56,"column":50}}]},"14":{"loc":{"start":{"line":44,"column":6},"end":{"line":56,"column":50}},"type":"cond-expr","locations":[{"start":{"line":45,"column":6},"end":{"line":45,"column":55}},{"start":{"line":46,"column":6},"end":{"line":56,"column":50}}]},"15":{"loc":{"start":{"line":46,"column":6},"end":{"line":56,"column":50}},"type":"cond-expr","locations":[{"start":{"line":47,"column":6},"end":{"line":47,"column":54}},{"start":{"line":48,"column":6},"end":{"line":56,"column":50}}]},"16":{"loc":{"start":{"line":48,"column":6},"end":{"line":56,"column":50}},"type":"cond-expr","locations":[{"start":{"line":49,"column":6},"end":{"line":49,"column":56}},{"start":{"line":50,"column":6},"end":{"line":56,"column":50}}]},"17":{"loc":{"start":{"line":50,"column":6},"end":{"line":56,"column":50}},"type":"cond-expr","locations":[{"start":{"line":51,"column":6},"end":{"line":51,"column":51}},{"start":{"line":52,"column":6},"end":{"line":56,"column":50}}]},"18":{"loc":{"start":{"line":52,"column":6},"end":{"line":56,"column":50}},"type":"cond-expr","locations":[{"start":{"line":53,"column":6},"end":{"line":53,"column":50}},{"start":{"line":54,"column":6},"end":{"line":56,"column":50}}]},"19":{"loc":{"start":{"line":54,"column":6},"end":{"line":56,"column":50}},"type":"cond-expr","locations":[{"start":{"line":55,"column":6},"end":{"line":55,"column":50}},{"start":{"line":56,"column":6},"end":{"line":56,"column":50}}]},"20":{"loc":{"start":{"line":60,"column":16},"end":{"line":60,"column":45}},"type":"binary-expr","locations":[{"start":{"line":60,"column":16},"end":{"line":60,"column":26}},{"start":{"line":60,"column":30},"end":{"line":60,"column":45}}]},"21":{"loc":{"start":{"line":61,"column":19},"end":{"line":61,"column":51}},"type":"binary-expr","locations":[{"start":{"line":61,"column":19},"end":{"line":61,"column":32}},{"start":{"line":61,"column":36},"end":{"line":61,"column":51}}]},"22":{"loc":{"start":{"line":62,"column":18},"end":{"line":62,"column":51}},"type":"binary-expr","locations":[{"start":{"line":62,"column":18},"end":{"line":62,"column":30}},{"start":{"line":62,"column":34},"end":{"line":62,"column":51}}]},"23":{"loc":{"start":{"line":63,"column":17},"end":{"line":63,"column":49}},"type":"binary-expr","locations":[{"start":{"line":63,"column":17},"end":{"line":63,"column":28}},{"start":{"line":63,"column":32},"end":{"line":63,"column":49}}]}},"s":{"0":1,"1":1,"2":1,"3":0,"4":1,"5":0,"6":1,"7":0},"f":{"0":0,"1":0,"2":0},"b":{"0":[0,0],"1":[0,0],"2":[0,0],"3":[0,0],"4":[0,0],"5":[0,0],"6":[0,0],"7":[0,0],"8":[0,0],"9":[0,0],"10":[0,0],"11":[0,0],"12":[0,0],"13":[0,0],"14":[0,0],"15":[0,0],"16":[0,0],"17":[0,0],"18":[0,0],"19":[0,0],"20":[0,0],"21":[0,0],"22":[0,0],"23":[0,0]}}
,"/home/jhonatansaman/Documents/projects/gok/pernambucanas-ui-kit/src/components/typography/Body/index.stories.tsx": {"path":"/home/jhonatansaman/Documents/projects/gok/pernambucanas-ui-kit/src/components/typography/Body/index.stories.tsx","statementMap":{"0":{"start":{"line":1,"column":0},"end":{"line":1,"column":25}},"1":{"start":{"line":3,"column":0},"end":{"line":3,"column":30}},"2":{"start":{"line":6,"column":0},"end":{"line":9,"column":null}},"3":{"start":{"line":11,"column":13},"end":{"line":13,"column":null}},"4":{"start":{"line":12,"column":2},"end":{"line":12,"column":40}},"5":{"start":{"line":14,"column":0},"end":{"line":16,"column":null}},"6":{"start":{"line":17,"column":0},"end":{"line":21,"column":null}}},"fnMap":{"0":{"name":"(anonymous_1)","decl":{"start":{"line":11,"column":37},"end":{"line":11,"column":41}},"loc":{"start":{"line":12,"column":2},"end":{"line":12,"column":40}}}},"branchMap":{},"s":{"0":0,"1":0,"2":0,"3":0,"4":0,"5":0,"6":0},"f":{"0":0},"b":{}}
,"/home/jhonatansaman/Documents/projects/gok/pernambucanas-ui-kit/src/components/typography/Body/index.tsx": {"path":"/home/jhonatansaman/Documents/projects/gok/pernambucanas-ui-kit/src/components/typography/Body/index.tsx","statementMap":{"0":{"start":{"line":1,"column":0},"end":{"line":1,"column":25}},"1":{"start":{"line":3,"column":0},"end":{"line":3,"column":44}},"2":{"start":{"line":5,"column":13},"end":{"line":15,"column":null}},"3":{"start":{"line":5,"column":48},"end":{"line":5,"column":53}},"4":{"start":{"line":5,"column":58},"end":{"line":5,"column":62}},"5":{"start":{"line":5,"column":65},"end":{"line":15,"column":null}}},"fnMap":{"0":{"name":"(anonymous_2)","decl":{"start":{"line":5,"column":37},"end":{"line":5,"column":38}},"loc":{"start":{"line":5,"column":64},"end":{"line":15,"column":null}}}},"branchMap":{},"s":{"0":1,"1":1,"2":1,"3":1,"4":1,"5":1},"f":{"0":1},"b":{}}
,"/home/jhonatansaman/Documents/projects/gok/pernambucanas-ui-kit/src/components/typography/Footer/index.stories.tsx": {"path":"/home/jhonatansaman/Documents/projects/gok/pernambucanas-ui-kit/src/components/typography/Footer/index.stories.tsx","statementMap":{"0":{"start":{"line":1,"column":0},"end":{"line":1,"column":25}},"1":{"start":{"line":3,"column":0},"end":{"line":3,"column":32}},"2":{"start":{"line":6,"column":0},"end":{"line":14,"column":null}},"3":{"start":{"line":16,"column":13},"end":{"line":16,"column":null}},"4":{"start":{"line":16,"column":46},"end":{"line":16,"column":66}},"5":{"start":{"line":17,"column":0},"end":{"line":20,"column":null}},"6":{"start":{"line":22,"column":13},"end":{"line":22,"column":null}},"7":{"start":{"line":22,"column":47},"end":{"line":22,"column":67}},"8":{"start":{"line":23,"column":0},"end":{"line":26,"column":null}}},"fnMap":{"0":{"name":"(anonymous_1)","decl":{"start":{"line":16,"column":38},"end":{"line":16,"column":42}},"loc":{"start":{"line":16,"column":46},"end":{"line":16,"column":66}}},"1":{"name":"(anonymous_2)","decl":{"start":{"line":22,"column":39},"end":{"line":22,"column":43}},"loc":{"start":{"line":22,"column":47},"end":{"line":22,"column":67}}}},"branchMap":{},"s":{"0":0,"1":0,"2":0,"3":0,"4":0,"5":0,"6":0,"7":0,"8":0},"f":{"0":0,"1":0},"b":{}}
,"/home/jhonatansaman/Documents/projects/gok/pernambucanas-ui-kit/src/components/typography/Footer/index.tsx": {"path":"/home/jhonatansaman/Documents/projects/gok/pernambucanas-ui-kit/src/components/typography/Footer/index.tsx","statementMap":{"0":{"start":{"line":1,"column":0},"end":{"line":1,"column":25}},"1":{"start":{"line":3,"column":0},"end":{"line":3,"column":44}},"2":{"start":{"line":5,"column":13},"end":{"line":31,"column":null}},"3":{"start":{"line":5,"column":52},"end":{"line":5,"column":57}},"4":{"start":{"line":5,"column":62},"end":{"line":5,"column":66}},"5":{"start":{"line":6,"column":2},"end":{"line":18,"column":null}},"6":{"start":{"line":7,"column":4},"end":{"line":17,"column":null}},"7":{"start":{"line":20,"column":2},"end":{"line":30,"column":null}}},"fnMap":{"0":{"name":"(anonymous_2)","decl":{"start":{"line":5,"column":41},"end":{"line":5,"column":42}},"loc":{"start":{"line":5,"column":68},"end":{"line":31,"column":1}}}},"branchMap":{"0":{"loc":{"start":{"line":6,"column":2},"end":{"line":18,"column":null}},"type":"if","locations":[{"start":{"line":6,"column":2},"end":{"line":18,"column":null}}]}},"s":{"0":1,"1":1,"2":1,"3":0,"4":0,"5":0,"6":0,"7":0},"f":{"0":0},"b":{"0":[0]}}
,"/home/jhonatansaman/Documents/projects/gok/pernambucanas-ui-kit/src/components/typography/Header/index.stories.tsx": {"path":"/home/jhonatansaman/Documents/projects/gok/pernambucanas-ui-kit/src/components/typography/Header/index.stories.tsx","statementMap":{"0":{"start":{"line":1,"column":0},"end":{"line":1,"column":25}},"1":{"start":{"line":3,"column":0},"end":{"line":3,"column":32}},"2":{"start":{"line":6,"column":0},"end":{"line":14,"column":null}},"3":{"start":{"line":16,"column":13},"end":{"line":16,"column":null}},"4":{"start":{"line":16,"column":46},"end":{"line":16,"column":66}},"5":{"start":{"line":17,"column":0},"end":{"line":19,"column":null}}},"fnMap":{"0":{"name":"(anonymous_1)","decl":{"start":{"line":16,"column":38},"end":{"line":16,"column":42}},"loc":{"start":{"line":16,"column":46},"end":{"line":16,"column":66}}}},"branchMap":{},"s":{"0":0,"1":0,"2":0,"3":0,"4":0,"5":0},"f":{"0":0},"b":{}}
,"/home/jhonatansaman/Documents/projects/gok/pernambucanas-ui-kit/src/components/typography/Header/index.tsx": {"path":"/home/jhonatansaman/Documents/projects/gok/pernambucanas-ui-kit/src/components/typography/Header/index.tsx","statementMap":{"0":{"start":{"line":1,"column":0},"end":{"line":1,"column":25}},"1":{"start":{"line":3,"column":0},"end":{"line":3,"column":44}},"2":{"start":{"line":5,"column":13},"end":{"line":15,"column":null}},"3":{"start":{"line":5,"column":52},"end":{"line":5,"column":57}},"4":{"start":{"line":5,"column":62},"end":{"line":5,"column":66}},"5":{"start":{"line":5,"column":69},"end":{"line":15,"column":null}}},"fnMap":{"0":{"name":"(anonymous_2)","decl":{"start":{"line":5,"column":41},"end":{"line":5,"column":42}},"loc":{"start":{"line":5,"column":68},"end":{"line":15,"column":null}}}},"branchMap":{},"s":{"0":1,"1":1,"2":1,"3":0,"4":0,"5":0},"f":{"0":0},"b":{}}
,"/home/jhonatansaman/Documents/projects/gok/pernambucanas-ui-kit/src/components/typography/Heading/index.stories.tsx": {"path":"/home/jhonatansaman/Documents/projects/gok/pernambucanas-ui-kit/src/components/typography/Heading/index.stories.tsx","statementMap":{"0":{"start":{"line":1,"column":0},"end":{"line":1,"column":25}},"1":{"start":{"line":3,"column":0},"end":{"line":3,"column":33}},"2":{"start":{"line":6,"column":0},"end":{"line":14,"column":null}},"3":{"start":{"line":16,"column":13},"end":{"line":16,"column":null}},"4":{"start":{"line":16,"column":48},"end":{"line":16,"column":69}},"5":{"start":{"line":17,"column":0},"end":{"line":19,"column":null}}},"fnMap":{"0":{"name":"(anonymous_1)","decl":{"start":{"line":16,"column":40},"end":{"line":16,"column":44}},"loc":{"start":{"line":16,"column":48},"end":{"line":16,"column":69}}}},"branchMap":{},"s":{"0":0,"1":0,"2":0,"3":0,"4":0,"5":0},"f":{"0":0},"b":{}}
,"/home/jhonatansaman/Documents/projects/gok/pernambucanas-ui-kit/src/components/typography/Heading/index.tsx": {"path":"/home/jhonatansaman/Documents/projects/gok/pernambucanas-ui-kit/src/components/typography/Heading/index.tsx","statementMap":{"0":{"start":{"line":1,"column":0},"end":{"line":1,"column":25}},"1":{"start":{"line":2,"column":0},"end":{"line":2,"column":29}},"2":{"start":{"line":5,"column":13},"end":{"line":82,"column":null}},"3":{"start":{"line":5,"column":54},"end":{"line":5,"column":59}},"4":{"start":{"line":5,"column":64},"end":{"line":5,"column":68}},"5":{"start":{"line":6,"column":2},"end":{"line":18,"column":null}},"6":{"start":{"line":7,"column":4},"end":{"line":17,"column":null}},"7":{"start":{"line":19,"column":2},"end":{"line":31,"column":null}},"8":{"start":{"line":20,"column":4},"end":{"line":30,"column":null}},"9":{"start":{"line":32,"column":2},"end":{"line":44,"column":null}},"10":{"start":{"line":33,"column":4},"end":{"line":43,"column":null}},"11":{"start":{"line":45,"column":2},"end":{"line":57,"column":null}},"12":{"start":{"line":46,"column":4},"end":{"line":56,"column":null}},"13":{"start":{"line":58,"column":2},"end":{"line":70,"column":null}},"14":{"start":{"line":59,"column":4},"end":{"line":69,"column":null}},"15":{"start":{"line":71,"column":2},"end":{"line":81,"column":null}}},"fnMap":{"0":{"name":"(anonymous_8)","decl":{"start":{"line":5,"column":43},"end":{"line":5,"column":44}},"loc":{"start":{"line":5,"column":70},"end":{"line":82,"column":1}}}},"branchMap":{"0":{"loc":{"start":{"line":6,"column":2},"end":{"line":18,"column":null}},"type":"if","locations":[{"start":{"line":6,"column":2},"end":{"line":18,"column":null}}]},"1":{"loc":{"start":{"line":19,"column":2},"end":{"line":31,"column":null}},"type":"if","locations":[{"start":{"line":19,"column":2},"end":{"line":31,"column":null}}]},"2":{"loc":{"start":{"line":32,"column":2},"end":{"line":44,"column":null}},"type":"if","locations":[{"start":{"line":32,"column":2},"end":{"line":44,"column":null}}]},"3":{"loc":{"start":{"line":45,"column":2},"end":{"line":57,"column":null}},"type":"if","locations":[{"start":{"line":45,"column":2},"end":{"line":57,"column":null}}]},"4":{"loc":{"start":{"line":58,"column":2},"end":{"line":70,"column":null}},"type":"if","locations":[{"start":{"line":58,"column":2},"end":{"line":70,"column":null}}]}},"s":{"0":1,"1":1,"2":1,"3":0,"4":0,"5":0,"6":0,"7":0,"8":0,"9":0,"10":0,"11":0,"12":0,"13":0,"14":0,"15":0},"f":{"0":0},"b":{"0":[0],"1":[0],"2":[0],"3":[0],"4":[0]}}
,"/home/jhonatansaman/Documents/projects/gok/pernambucanas-ui-kit/src/components/typography/Heading/styles.tsx": {"path":"/home/jhonatansaman/Documents/projects/gok/pernambucanas-ui-kit/src/components/typography/Heading/styles.tsx","statementMap":{"0":{"start":{"line":1,"column":0},"end":{"line":1,"column":47}},"1":{"start":{"line":2,"column":0},"end":{"line":2,"column":63}},"2":{"start":{"line":5,"column":13},"end":{"line":25,"column":null}},"3":{"start":{"line":7,"column":13},"end":{"line":7,"column":60}},"4":{"start":{"line":8,"column":13},"end":{"line":8,"column":70}},"5":{"start":{"line":10,"column":4},"end":{"line":13,"column":null}},"6":{"start":{"line":15,"column":4},"end":{"line":18,"column":null}},"7":{"start":{"line":21,"column":4},"end":{"line":24,"column":null}},"8":{"start":{"line":27,"column":13},"end":{"line":47,"column":null}},"9":{"start":{"line":29,"column":13},"end":{"line":29,"column":60}},"10":{"start":{"line":30,"column":13},"end":{"line":30,"column":70}},"11":{"start":{"line":32,"column":4},"end":{"line":35,"column":null}},"12":{"start":{"line":37,"column":4},"end":{"line":40,"column":null}},"13":{"start":{"line":43,"column":4},"end":{"line":46,"column":null}},"14":{"start":{"line":49,"column":13},"end":{"line":69,"column":null}},"15":{"start":{"line":51,"column":13},"end":{"line":51,"column":60}},"16":{"start":{"line":52,"column":13},"end":{"line":52,"column":70}},"17":{"start":{"line":54,"column":4},"end":{"line":57,"column":null}},"18":{"start":{"line":59,"column":4},"end":{"line":62,"column":null}},"19":{"start":{"line":65,"column":4},"end":{"line":68,"column":null}},"20":{"start":{"line":71,"column":13},"end":{"line":91,"column":null}},"21":{"start":{"line":73,"column":13},"end":{"line":73,"column":60}},"22":{"start":{"line":74,"column":13},"end":{"line":74,"column":70}},"23":{"start":{"line":76,"column":4},"end":{"line":79,"column":null}},"24":{"start":{"line":81,"column":4},"end":{"line":84,"column":null}},"25":{"start":{"line":87,"column":4},"end":{"line":90,"column":null}},"26":{"start":{"line":93,"column":13},"end":{"line":113,"column":null}},"27":{"start":{"line":95,"column":13},"end":{"line":95,"column":60}},"28":{"start":{"line":96,"column":13},"end":{"line":96,"column":70}},"29":{"start":{"line":98,"column":4},"end":{"line":101,"column":null}},"30":{"start":{"line":103,"column":4},"end":{"line":106,"column":null}},"31":{"start":{"line":109,"column":4},"end":{"line":112,"column":null}},"32":{"start":{"line":115,"column":13},"end":{"line":135,"column":null}},"33":{"start":{"line":117,"column":13},"end":{"line":117,"column":60}},"34":{"start":{"line":118,"column":13},"end":{"line":118,"column":70}},"35":{"start":{"line":120,"column":4},"end":{"line":123,"column":null}},"36":{"start":{"line":125,"column":4},"end":{"line":128,"column":null}},"37":{"start":{"line":131,"column":4},"end":{"line":134,"column":null}}},"fnMap":{"0":{"name":"(anonymous_6)","decl":{"start":{"line":7,"column":4},"end":{"line":7,"column":9}},"loc":{"start":{"line":7,"column":13},"end":{"line":7,"column":60}}},"1":{"name":"(anonymous_7)","decl":{"start":{"line":8,"column":4},"end":{"line":8,"column":9}},"loc":{"start":{"line":8,"column":13},"end":{"line":8,"column":70}}},"2":{"name":"(anonymous_8)","decl":{"start":{"line":9,"column":4},"end":{"line":9,"column":9}},"loc":{"start":{"line":10,"column":4},"end":{"line":13,"column":null}}},"3":{"name":"(anonymous_9)","decl":{"start":{"line":14,"column":4},"end":{"line":14,"column":9}},"loc":{"start":{"line":15,"column":4},"end":{"line":18,"column":null}}},"4":{"name":"(anonymous_10)","decl":{"start":{"line":20,"column":4},"end":{"line":20,"column":9}},"loc":{"start":{"line":21,"column":4},"end":{"line":24,"column":null}}},"5":{"name":"(anonymous_11)","decl":{"start":{"line":29,"column":4},"end":{"line":29,"column":9}},"loc":{"start":{"line":29,"column":13},"end":{"line":29,"column":60}}},"6":{"name":"(anonymous_12)","decl":{"start":{"line":30,"column":4},"end":{"line":30,"column":9}},"loc":{"start":{"line":30,"column":13},"end":{"line":30,"column":70}}},"7":{"name":"(anonymous_13)","decl":{"start":{"line":31,"column":4},"end":{"line":31,"column":9}},"loc":{"start":{"line":32,"column":4},"end":{"line":35,"column":null}}},"8":{"name":"(anonymous_14)","decl":{"start":{"line":36,"column":4},"end":{"line":36,"column":9}},"loc":{"start":{"line":37,"column":4},"end":{"line":40,"column":null}}},"9":{"name":"(anonymous_15)","decl":{"start":{"line":42,"column":4},"end":{"line":42,"column":9}},"loc":{"start":{"line":43,"column":4},"end":{"line":46,"column":null}}},"10":{"name":"(anonymous_16)","decl":{"start":{"line":51,"column":4},"end":{"line":51,"column":9}},"loc":{"start":{"line":51,"column":13},"end":{"line":51,"column":60}}},"11":{"name":"(anonymous_17)","decl":{"start":{"line":52,"column":4},"end":{"line":52,"column":9}},"loc":{"start":{"line":52,"column":13},"end":{"line":52,"column":70}}},"12":{"name":"(anonymous_18)","decl":{"start":{"line":53,"column":4},"end":{"line":53,"column":9}},"loc":{"start":{"line":54,"column":4},"end":{"line":57,"column":null}}},"13":{"name":"(anonymous_19)","decl":{"start":{"line":58,"column":4},"end":{"line":58,"column":9}},"loc":{"start":{"line":59,"column":4},"end":{"line":62,"column":null}}},"14":{"name":"(anonymous_20)","decl":{"start":{"line":64,"column":4},"end":{"line":64,"column":9}},"loc":{"start":{"line":65,"column":4},"end":{"line":68,"column":null}}},"15":{"name":"(anonymous_21)","decl":{"start":{"line":73,"column":4},"end":{"line":73,"column":9}},"loc":{"start":{"line":73,"column":13},"end":{"line":73,"column":60}}},"16":{"name":"(anonymous_22)","decl":{"start":{"line":74,"column":4},"end":{"line":74,"column":9}},"loc":{"start":{"line":74,"column":13},"end":{"line":74,"column":70}}},"17":{"name":"(anonymous_23)","decl":{"start":{"line":75,"column":4},"end":{"line":75,"column":9}},"loc":{"start":{"line":76,"column":4},"end":{"line":79,"column":null}}},"18":{"name":"(anonymous_24)","decl":{"start":{"line":80,"column":4},"end":{"line":80,"column":9}},"loc":{"start":{"line":81,"column":4},"end":{"line":84,"column":null}}},"19":{"name":"(anonymous_25)","decl":{"start":{"line":86,"column":4},"end":{"line":86,"column":9}},"loc":{"start":{"line":87,"column":4},"end":{"line":90,"column":null}}},"20":{"name":"(anonymous_26)","decl":{"start":{"line":95,"column":4},"end":{"line":95,"column":9}},"loc":{"start":{"line":95,"column":13},"end":{"line":95,"column":60}}},"21":{"name":"(anonymous_27)","decl":{"start":{"line":96,"column":4},"end":{"line":96,"column":9}},"loc":{"start":{"line":96,"column":13},"end":{"line":96,"column":70}}},"22":{"name":"(anonymous_28)","decl":{"start":{"line":97,"column":4},"end":{"line":97,"column":9}},"loc":{"start":{"line":98,"column":4},"end":{"line":101,"column":null}}},"23":{"name":"(anonymous_29)","decl":{"start":{"line":102,"column":4},"end":{"line":102,"column":9}},"loc":{"start":{"line":103,"column":4},"end":{"line":106,"column":null}}},"24":{"name":"(anonymous_30)","decl":{"start":{"line":108,"column":4},"end":{"line":108,"column":9}},"loc":{"start":{"line":109,"column":4},"end":{"line":112,"column":null}}},"25":{"name":"(anonymous_31)","decl":{"start":{"line":117,"column":4},"end":{"line":117,"column":9}},"loc":{"start":{"line":117,"column":13},"end":{"line":117,"column":60}}},"26":{"name":"(anonymous_32)","decl":{"start":{"line":118,"column":4},"end":{"line":118,"column":9}},"loc":{"start":{"line":118,"column":13},"end":{"line":118,"column":70}}},"27":{"name":"(anonymous_33)","decl":{"start":{"line":119,"column":4},"end":{"line":119,"column":9}},"loc":{"start":{"line":120,"column":4},"end":{"line":123,"column":null}}},"28":{"name":"(anonymous_34)","decl":{"start":{"line":124,"column":4},"end":{"line":124,"column":9}},"loc":{"start":{"line":125,"column":4},"end":{"line":128,"column":null}}},"29":{"name":"(anonymous_35)","decl":{"start":{"line":130,"column":4},"end":{"line":130,"column":9}},"loc":{"start":{"line":131,"column":4},"end":{"line":134,"column":null}}}},"branchMap":{"0":{"loc":{"start":{"line":7,"column":13},"end":{"line":7,"column":60}},"type":"binary-expr","locations":[{"start":{"line":7,"column":13},"end":{"line":7,"column":25}},{"start":{"line":7,"column":29},"end":{"line":7,"column":60}}]},"1":{"loc":{"start":{"line":8,"column":13},"end":{"line":8,"column":70}},"type":"binary-expr","locations":[{"start":{"line":8,"column":13},"end":{"line":8,"column":24}},{"start":{"line":8,"column":28},"end":{"line":8,"column":70}}]},"2":{"loc":{"start":{"line":10,"column":4},"end":{"line":13,"column":null}},"type":"binary-expr","locations":[{"start":{"line":10,"column":4},"end":{"line":10,"column":21}},{"start":{"line":11,"column":4},"end":{"line":13,"column":null}}]},"3":{"loc":{"start":{"line":15,"column":4},"end":{"line":18,"column":null}},"type":"binary-expr","locations":[{"start":{"line":15,"column":4},"end":{"line":15,"column":14}},{"start":{"line":16,"column":4},"end":{"line":18,"column":null}}]},"4":{"loc":{"start":{"line":21,"column":4},"end":{"line":24,"column":null}},"type":"binary-expr","locations":[{"start":{"line":21,"column":4},"end":{"line":21,"column":16}},{"start":{"line":22,"column":4},"end":{"line":24,"column":null}}]},"5":{"loc":{"start":{"line":29,"column":13},"end":{"line":29,"column":60}},"type":"binary-expr","locations":[{"start":{"line":29,"column":13},"end":{"line":29,"column":25}},{"start":{"line":29,"column":29},"end":{"line":29,"column":60}}]},"6":{"loc":{"start":{"line":30,"column":13},"end":{"line":30,"column":70}},"type":"binary-expr","locations":[{"start":{"line":30,"column":13},"end":{"line":30,"column":24}},{"start":{"line":30,"column":28},"end":{"line":30,"column":70}}]},"7":{"loc":{"start":{"line":32,"column":4},"end":{"line":35,"column":null}},"type":"binary-expr","locations":[{"start":{"line":32,"column":4},"end":{"line":32,"column":21}},{"start":{"line":33,"column":4},"end":{"line":35,"column":null}}]},"8":{"loc":{"start":{"line":37,"column":4},"end":{"line":40,"column":null}},"type":"binary-expr","locations":[{"start":{"line":37,"column":4},"end":{"line":37,"column":14}},{"start":{"line":38,"column":4},"end":{"line":40,"column":null}}]},"9":{"loc":{"start":{"line":43,"column":4},"end":{"line":46,"column":null}},"type":"binary-expr","locations":[{"start":{"line":43,"column":4},"end":{"line":43,"column":16}},{"start":{"line":44,"column":4},"end":{"line":46,"column":null}}]},"10":{"loc":{"start":{"line":51,"column":13},"end":{"line":51,"column":60}},"type":"binary-expr","locations":[{"start":{"line":51,"column":13},"end":{"line":51,"column":25}},{"start":{"line":51,"column":29},"end":{"line":51,"column":60}}]},"11":{"loc":{"start":{"line":52,"column":13},"end":{"line":52,"column":70}},"type":"binary-expr","locations":[{"start":{"line":52,"column":13},"end":{"line":52,"column":24}},{"start":{"line":52,"column":28},"end":{"line":52,"column":70}}]},"12":{"loc":{"start":{"line":54,"column":4},"end":{"line":57,"column":null}},"type":"binary-expr","locations":[{"start":{"line":54,"column":4},"end":{"line":54,"column":21}},{"start":{"line":55,"column":4},"end":{"line":57,"column":null}}]},"13":{"loc":{"start":{"line":59,"column":4},"end":{"line":62,"column":null}},"type":"binary-expr","locations":[{"start":{"line":59,"column":4},"end":{"line":59,"column":14}},{"start":{"line":60,"column":4},"end":{"line":62,"column":null}}]},"14":{"loc":{"start":{"line":65,"column":4},"end":{"line":68,"column":null}},"type":"binary-expr","locations":[{"start":{"line":65,"column":4},"end":{"line":65,"column":16}},{"start":{"line":66,"column":4},"end":{"line":68,"column":null}}]},"15":{"loc":{"start":{"line":73,"column":13},"end":{"line":73,"column":60}},"type":"binary-expr","locations":[{"start":{"line":73,"column":13},"end":{"line":73,"column":25}},{"start":{"line":73,"column":29},"end":{"line":73,"column":60}}]},"16":{"loc":{"start":{"line":74,"column":13},"end":{"line":74,"column":70}},"type":"binary-expr","locations":[{"start":{"line":74,"column":13},"end":{"line":74,"column":24}},{"start":{"line":74,"column":28},"end":{"line":74,"column":70}}]},"17":{"loc":{"start":{"line":76,"column":4},"end":{"line":79,"column":null}},"type":"binary-expr","locations":[{"start":{"line":76,"column":4},"end":{"line":76,"column":21}},{"start":{"line":77,"column":4},"end":{"line":79,"column":null}}]},"18":{"loc":{"start":{"line":81,"column":4},"end":{"line":84,"column":null}},"type":"binary-expr","locations":[{"start":{"line":81,"column":4},"end":{"line":81,"column":14}},{"start":{"line":82,"column":4},"end":{"line":84,"column":null}}]},"19":{"loc":{"start":{"line":87,"column":4},"end":{"line":90,"column":null}},"type":"binary-expr","locations":[{"start":{"line":87,"column":4},"end":{"line":87,"column":16}},{"start":{"line":88,"column":4},"end":{"line":90,"column":null}}]},"20":{"loc":{"start":{"line":95,"column":13},"end":{"line":95,"column":60}},"type":"binary-expr","locations":[{"start":{"line":95,"column":13},"end":{"line":95,"column":25}},{"start":{"line":95,"column":29},"end":{"line":95,"column":60}}]},"21":{"loc":{"start":{"line":96,"column":13},"end":{"line":96,"column":70}},"type":"binary-expr","locations":[{"start":{"line":96,"column":13},"end":{"line":96,"column":24}},{"start":{"line":96,"column":28},"end":{"line":96,"column":70}}]},"22":{"loc":{"start":{"line":98,"column":4},"end":{"line":101,"column":null}},"type":"binary-expr","locations":[{"start":{"line":98,"column":4},"end":{"line":98,"column":21}},{"start":{"line":99,"column":4},"end":{"line":101,"column":null}}]},"23":{"loc":{"start":{"line":103,"column":4},"end":{"line":106,"column":null}},"type":"binary-expr","locations":[{"start":{"line":103,"column":4},"end":{"line":103,"column":14}},{"start":{"line":104,"column":4},"end":{"line":106,"column":null}}]},"24":{"loc":{"start":{"line":109,"column":4},"end":{"line":112,"column":null}},"type":"binary-expr","locations":[{"start":{"line":109,"column":4},"end":{"line":109,"column":16}},{"start":{"line":110,"column":4},"end":{"line":112,"column":null}}]},"25":{"loc":{"start":{"line":117,"column":13},"end":{"line":117,"column":60}},"type":"binary-expr","locations":[{"start":{"line":117,"column":13},"end":{"line":117,"column":25}},{"start":{"line":117,"column":29},"end":{"line":117,"column":60}}]},"26":{"loc":{"start":{"line":118,"column":13},"end":{"line":118,"column":70}},"type":"binary-expr","locations":[{"start":{"line":118,"column":13},"end":{"line":118,"column":24}},{"start":{"line":118,"column":28},"end":{"line":118,"column":70}}]},"27":{"loc":{"start":{"line":120,"column":4},"end":{"line":123,"column":null}},"type":"binary-expr","locations":[{"start":{"line":120,"column":4},"end":{"line":120,"column":21}},{"start":{"line":121,"column":4},"end":{"line":123,"column":null}}]},"28":{"loc":{"start":{"line":125,"column":4},"end":{"line":128,"column":null}},"type":"binary-expr","locations":[{"start":{"line":125,"column":4},"end":{"line":125,"column":14}},{"start":{"line":126,"column":4},"end":{"line":128,"column":null}}]},"29":{"loc":{"start":{"line":131,"column":4},"end":{"line":134,"column":null}},"type":"binary-expr","locations":[{"start":{"line":131,"column":4},"end":{"line":131,"column":16}},{"start":{"line":132,"column":4},"end":{"line":134,"column":null}}]}},"s":{"0":1,"1":1,"2":1,"3":0,"4":0,"5":0,"6":0,"7":0,"8":1,"9":0,"10":0,"11":0,"12":0,"13":0,"14":1,"15":0,"16":0,"17":0,"18":0,"19":0,"20":1,"21":0,"22":0,"23":0,"24":0,"25":0,"26":1,"27":0,"28":0,"29":0,"30":0,"31":0,"32":1,"33":0,"34":0,"35":0,"36":0,"37":0},"f":{"0":0,"1":0,"2":0,"3":0,"4":0,"5":0,"6":0,"7":0,"8":0,"9":0,"10":0,"11":0,"12":0,"13":0,"14":0,"15":0,"16":0,"17":0,"18":0,"19":0,"20":0,"21":0,"22":0,"23":0,"24":0,"25":0,"26":0,"27":0,"28":0,"29":0},"b":{"0":[0,0],"1":[0,0],"2":[0,0],"3":[0,0],"4":[0,0],"5":[0,0],"6":[0,0],"7":[0,0],"8":[0,0],"9":[0,0],"10":[0,0],"11":[0,0],"12":[0,0],"13":[0,0],"14":[0,0],"15":[0,0],"16":[0,0],"17":[0,0],"18":[0,0],"19":[0,0],"20":[0,0],"21":[0,0],"22":[0,0],"23":[0,0],"24":[0,0],"25":[0,0],"26":[0,0],"27":[0,0],"28":[0,0],"29":[0,0]}}
,"/home/jhonatansaman/Documents/projects/gok/pernambucanas-ui-kit/src/components/typography/Navigation/index.stories.tsx": {"path":"/home/jhonatansaman/Documents/projects/gok/pernambucanas-ui-kit/src/components/typography/Navigation/index.stories.tsx","statementMap":{"0":{"start":{"line":1,"column":0},"end":{"line":1,"column":25}},"1":{"start":{"line":3,"column":0},"end":{"line":3,"column":36}},"2":{"start":{"line":6,"column":0},"end":{"line":14,"column":null}},"3":{"start":{"line":16,"column":13},"end":{"line":16,"column":null}},"4":{"start":{"line":16,"column":49},"end":{"line":16,"column":73}},"5":{"start":{"line":17,"column":0},"end":{"line":19,"column":null}}},"fnMap":{"0":{"name":"(anonymous_1)","decl":{"start":{"line":16,"column":41},"end":{"line":16,"column":45}},"loc":{"start":{"line":16,"column":49},"end":{"line":16,"column":73}}}},"branchMap":{},"s":{"0":0,"1":0,"2":0,"3":0,"4":0,"5":0},"f":{"0":0},"b":{}}
,"/home/jhonatansaman/Documents/projects/gok/pernambucanas-ui-kit/src/components/typography/Navigation/index.tsx": {"path":"/home/jhonatansaman/Documents/projects/gok/pernambucanas-ui-kit/src/components/typography/Navigation/index.tsx","statementMap":{"0":{"start":{"line":1,"column":0},"end":{"line":1,"column":25}},"1":{"start":{"line":3,"column":0},"end":{"line":3,"column":44}},"2":{"start":{"line":5,"column":13},"end":{"line":15,"column":null}},"3":{"start":{"line":5,"column":60},"end":{"line":5,"column":65}},"4":{"start":{"line":5,"column":70},"end":{"line":5,"column":74}},"5":{"start":{"line":5,"column":77},"end":{"line":15,"column":null}}},"fnMap":{"0":{"name":"(anonymous_2)","decl":{"start":{"line":5,"column":49},"end":{"line":5,"column":50}},"loc":{"start":{"line":5,"column":76},"end":{"line":15,"column":null}}}},"branchMap":{},"s":{"0":1,"1":1,"2":1,"3":0,"4":0,"5":0},"f":{"0":0},"b":{}}
,"/home/jhonatansaman/Documents/projects/gok/pernambucanas-ui-kit/src/components/typography/SubTitle/index.stories.tsx": {"path":"/home/jhonatansaman/Documents/projects/gok/pernambucanas-ui-kit/src/components/typography/SubTitle/index.stories.tsx","statementMap":{"0":{"start":{"line":1,"column":0},"end":{"line":1,"column":25}},"1":{"start":{"line":3,"column":0},"end":{"line":3,"column":34}},"2":{"start":{"line":6,"column":0},"end":{"line":14,"column":null}},"3":{"start":{"line":16,"column":13},"end":{"line":16,"column":null}},"4":{"start":{"line":16,"column":48},"end":{"line":16,"column":70}},"5":{"start":{"line":17,"column":0},"end":{"line":19,"column":null}}},"fnMap":{"0":{"name":"(anonymous_1)","decl":{"start":{"line":16,"column":40},"end":{"line":16,"column":44}},"loc":{"start":{"line":16,"column":48},"end":{"line":16,"column":70}}}},"branchMap":{},"s":{"0":0,"1":0,"2":0,"3":0,"4":0,"5":0},"f":{"0":0},"b":{}}
,"/home/jhonatansaman/Documents/projects/gok/pernambucanas-ui-kit/src/components/typography/SubTitle/index.tsx": {"path":"/home/jhonatansaman/Documents/projects/gok/pernambucanas-ui-kit/src/components/typography/SubTitle/index.tsx","statementMap":{"0":{"start":{"line":1,"column":0},"end":{"line":1,"column":25}},"1":{"start":{"line":3,"column":0},"end":{"line":3,"column":44}},"2":{"start":{"line":5,"column":13},"end":{"line":15,"column":null}},"3":{"start":{"line":5,"column":56},"end":{"line":5,"column":61}},"4":{"start":{"line":5,"column":66},"end":{"line":5,"column":70}},"5":{"start":{"line":5,"column":73},"end":{"line":15,"column":null}}},"fnMap":{"0":{"name":"(anonymous_2)","decl":{"start":{"line":5,"column":45},"end":{"line":5,"column":46}},"loc":{"start":{"line":5,"column":72},"end":{"line":15,"column":null}}}},"branchMap":{},"s":{"0":1,"1":1,"2":1,"3":0,"4":0,"5":0},"f":{"0":0},"b":{}}
,"/home/jhonatansaman/Documents/projects/gok/pernambucanas-ui-kit/src/components/typography/Text/index.stories.tsx": {"path":"/home/jhonatansaman/Documents/projects/gok/pernambucanas-ui-kit/src/components/typography/Text/index.stories.tsx","statementMap":{"0":{"start":{"line":1,"column":0},"end":{"line":1,"column":25}},"1":{"start":{"line":3,"column":0},"end":{"line":3,"column":30}},"2":{"start":{"line":6,"column":0},"end":{"line":14,"column":null}},"3":{"start":{"line":16,"column":13},"end":{"line":16,"column":null}},"4":{"start":{"line":16,"column":45},"end":{"line":16,"column":63}},"5":{"start":{"line":17,"column":0},"end":{"line":19,"column":null}}},"fnMap":{"0":{"name":"(anonymous_1)","decl":{"start":{"line":16,"column":37},"end":{"line":16,"column":41}},"loc":{"start":{"line":16,"column":45},"end":{"line":16,"column":63}}}},"branchMap":{},"s":{"0":0,"1":0,"2":0,"3":0,"4":0,"5":0},"f":{"0":0},"b":{}}
,"/home/jhonatansaman/Documents/projects/gok/pernambucanas-ui-kit/src/components/typography/Text/index.tsx": {"path":"/home/jhonatansaman/Documents/projects/gok/pernambucanas-ui-kit/src/components/typography/Text/index.tsx","statementMap":{"0":{"start":{"line":1,"column":0},"end":{"line":1,"column":25}},"1":{"start":{"line":2,"column":0},"end":{"line":2,"column":29}},"2":{"start":{"line":5,"column":13},"end":{"line":35,"column":null}},"3":{"start":{"line":5,"column":48},"end":{"line":5,"column":53}},"4":{"start":{"line":5,"column":58},"end":{"line":5,"column":62}},"5":{"start":{"line":5,"column":65},"end":{"line":35,"column":null}}},"fnMap":{"0":{"name":"(anonymous_8)","decl":{"start":{"line":5,"column":37},"end":{"line":5,"column":38}},"loc":{"start":{"line":5,"column":64},"end":{"line":35,"column":null}}}},"branchMap":{"0":{"loc":{"start":{"line":19,"column":5},"end":{"line":32,"column":null}},"type":"cond-expr","locations":[{"start":{"line":20,"column":6},"end":{"line":20,"column":33}},{"start":{"line":21,"column":8},"end":{"line":32,"column":null}}]},"1":{"loc":{"start":{"line":21,"column":8},"end":{"line":32,"column":null}},"type":"cond-expr","locations":[{"start":{"line":22,"column":6},"end":{"line":22,"column":29}},{"start":{"line":23,"column":8},"end":{"line":32,"column":null}}]},"2":{"loc":{"start":{"line":23,"column":8},"end":{"line":32,"column":null}},"type":"cond-expr","locations":[{"start":{"line":24,"column":6},"end":{"line":29,"column":null}},{"start":{"line":32,"column":6},"end":{"line":32,"column":14}}]},"3":{"loc":{"start":{"line":26,"column":15},"end":{"line":26,"column":44}},"type":"binary-expr","locations":[{"start":{"line":26,"column":15},"end":{"line":26,"column":31}},{"start":{"line":26,"column":35},"end":{"line":26,"column":44}}]},"4":{"loc":{"start":{"line":27,"column":16},"end":{"line":27,"column":46}},"type":"binary-expr","locations":[{"start":{"line":27,"column":16},"end":{"line":27,"column":33}},{"start":{"line":27,"column":37},"end":{"line":27,"column":46}}]}},"s":{"0":1,"1":1,"2":1,"3":1,"4":1,"5":1},"f":{"0":1},"b":{"0":[0,1],"1":[0,1],"2":[0,1],"3":[0,0],"4":[0,0]}}
,"/home/jhonatansaman/Documents/projects/gok/pernambucanas-ui-kit/src/components/typography/Text/styles.ts": {"path":"/home/jhonatansaman/Documents/projects/gok/pernambucanas-ui-kit/src/components/typography/Text/styles.ts","statementMap":{"0":{"start":{"line":1,"column":0},"end":{"line":1,"column":47}},"1":{"start":{"line":2,"column":0},"end":{"line":2,"column":79}},"2":{"start":{"line":5,"column":13},"end":{"line":99,"column":null}},"3":{"start":{"line":8,"column":13},"end":{"line":8,"column":60}},"4":{"start":{"line":9,"column":13},"end":{"line":9,"column":70}},"5":{"start":{"line":11,"column":4},"end":{"line":14,"column":null}},"6":{"start":{"line":16,"column":4},"end":{"line":19,"column":null}},"7":{"start":{"line":21,"column":4},"end":{"line":24,"column":null}},"8":{"start":{"line":26,"column":4},"end":{"line":29,"column":null}},"9":{"start":{"line":31,"column":4},"end":{"line":34,"column":null}},"10":{"start":{"line":37,"column":4},"end":{"line":46,"column":null}},"11":{"start":{"line":39,"column":23},"end":{"line":39,"column":null}},"12":{"start":{"line":44,"column":26},"end":{"line":44,"column":58}},"13":{"start":{"line":49,"column":21},"end":{"line":49,"column":null}},"14":{"start":{"line":54,"column":24},"end":{"line":54,"column":56}},"15":{"start":{"line":59,"column":15},"end":{"line":59,"column":72}},"16":{"start":{"line":60,"column":15},"end":{"line":60,"column":70}},"17":{"start":{"line":66,"column":4},"end":{"line":71,"column":null}},"18":{"start":{"line":73,"column":4},"end":{"line":78,"column":null}},"19":{"start":{"line":81,"column":4},"end":{"line":86,"column":null}},"20":{"start":{"line":89,"column":4},"end":{"line":92,"column":null}},"21":{"start":{"line":95,"column":4},"end":{"line":98,"column":null}}},"fnMap":{"0":{"name":"(anonymous_6)","decl":{"start":{"line":8,"column":4},"end":{"line":8,"column":9}},"loc":{"start":{"line":8,"column":13},"end":{"line":8,"column":60}}},"1":{"name":"(anonymous_7)","decl":{"start":{"line":9,"column":4},"end":{"line":9,"column":9}},"loc":{"start":{"line":9,"column":13},"end":{"line":9,"column":70}}},"2":{"name":"(anonymous_8)","decl":{"start":{"line":10,"column":4},"end":{"line":10,"column":9}},"loc":{"start":{"line":11,"column":4},"end":{"line":14,"column":null}}},"3":{"name":"(anonymous_9)","decl":{"start":{"line":15,"column":4},"end":{"line":15,"column":9}},"loc":{"start":{"line":16,"column":4},"end":{"line":19,"column":null}}},"4":{"name":"(anonymous_10)","decl":{"start":{"line":20,"column":4},"end":{"line":20,"column":9}},"loc":{"start":{"line":21,"column":4},"end":{"line":24,"column":null}}},"5":{"name":"(anonymous_11)","decl":{"start":{"line":25,"column":4},"end":{"line":25,"column":9}},"loc":{"start":{"line":26,"column":4},"end":{"line":29,"column":null}}},"6":{"name":"(anonymous_12)","decl":{"start":{"line":30,"column":4},"end":{"line":30,"column":9}},"loc":{"start":{"line":31,"column":4},"end":{"line":34,"column":null}}},"7":{"name":"(anonymous_13)","decl":{"start":{"line":36,"column":4},"end":{"line":36,"column":9}},"loc":{"start":{"line":37,"column":4},"end":{"line":46,"column":null}}},"8":{"name":"(anonymous_14)","decl":{"start":{"line":39,"column":15},"end":{"line":39,"column":20}},"loc":{"start":{"line":39,"column":23},"end":{"line":39,"column":null}}},"9":{"name":"(anonymous_15)","decl":{"start":{"line":44,"column":17},"end":{"line":44,"column":22}},"loc":{"start":{"line":44,"column":26},"end":{"line":44,"column":58}}},"10":{"name":"(anonymous_16)","decl":{"start":{"line":49,"column":13},"end":{"line":49,"column":18}},"loc":{"start":{"line":49,"column":21},"end":{"line":49,"column":null}}},"11":{"name":"(anonymous_17)","decl":{"start":{"line":54,"column":15},"end":{"line":54,"column":20}},"loc":{"start":{"line":54,"column":24},"end":{"line":54,"column":56}}},"12":{"name":"(anonymous_18)","decl":{"start":{"line":59,"column":6},"end":{"line":59,"column":11}},"loc":{"start":{"line":59,"column":15},"end":{"line":59,"column":72}}},"13":{"name":"(anonymous_19)","decl":{"start":{"line":60,"column":6},"end":{"line":60,"column":11}},"loc":{"start":{"line":60,"column":15},"end":{"line":60,"column":70}}},"14":{"name":"(anonymous_20)","decl":{"start":{"line":65,"column":4},"end":{"line":65,"column":9}},"loc":{"start":{"line":66,"column":4},"end":{"line":71,"column":null}}},"15":{"name":"(anonymous_21)","decl":{"start":{"line":72,"column":4},"end":{"line":72,"column":9}},"loc":{"start":{"line":73,"column":4},"end":{"line":78,"column":null}}},"16":{"name":"(anonymous_22)","decl":{"start":{"line":80,"column":4},"end":{"line":80,"column":9}},"loc":{"start":{"line":81,"column":4},"end":{"line":86,"column":null}}},"17":{"name":"(anonymous_23)","decl":{"start":{"line":88,"column":4},"end":{"line":88,"column":9}},"loc":{"start":{"line":89,"column":4},"end":{"line":92,"column":null}}},"18":{"name":"(anonymous_24)","decl":{"start":{"line":94,"column":4},"end":{"line":94,"column":9}},"loc":{"start":{"line":95,"column":4},"end":{"line":98,"column":null}}}},"branchMap":{"0":{"loc":{"start":{"line":8,"column":13},"end":{"line":8,"column":60}},"type":"binary-expr","locations":[{"start":{"line":8,"column":13},"end":{"line":8,"column":25}},{"start":{"line":8,"column":29},"end":{"line":8,"column":60}}]},"1":{"loc":{"start":{"line":9,"column":13},"end":{"line":9,"column":70}},"type":"binary-expr","locations":[{"start":{"line":9,"column":13},"end":{"line":9,"column":24}},{"start":{"line":9,"column":28},"end":{"line":9,"column":70}}]},"2":{"loc":{"start":{"line":11,"column":4},"end":{"line":14,"column":null}},"type":"binary-expr","locations":[{"start":{"line":11,"column":4},"end":{"line":11,"column":21}},{"start":{"line":12,"column":4},"end":{"line":14,"column":null}}]},"3":{"loc":{"start":{"line":16,"column":4},"end":{"line":19,"column":null}},"type":"binary-expr","locations":[{"start":{"line":16,"column":4},"end":{"line":16,"column":16}},{"start":{"line":17,"column":4},"end":{"line":19,"column":null}}]},"4":{"loc":{"start":{"line":21,"column":4},"end":{"line":24,"column":null}},"type":"binary-expr","locations":[{"start":{"line":21,"column":4},"end":{"line":21,"column":19}},{"start":{"line":22,"column":4},"end":{"line":24,"column":null}}]},"5":{"loc":{"start":{"line":26,"column":4},"end":{"line":29,"column":null}},"type":"binary-expr","locations":[{"start":{"line":26,"column":4},"end":{"line":26,"column":16}},{"start":{"line":27,"column":4},"end":{"line":29,"column":null}}]},"6":{"loc":{"start":{"line":31,"column":4},"end":{"line":34,"column":null}},"type":"binary-expr","locations":[{"start":{"line":31,"column":4},"end":{"line":31,"column":14}},{"start":{"line":32,"column":4},"end":{"line":34,"column":null}}]},"7":{"loc":{"start":{"line":37,"column":4},"end":{"line":46,"column":null}},"type":"binary-expr","locations":[{"start":{"line":37,"column":4},"end":{"line":37,"column":17}},{"start":{"line":38,"column":4},"end":{"line":46,"column":null}}]},"8":{"loc":{"start":{"line":39,"column":23},"end":{"line":39,"column":58}},"type":"cond-expr","locations":[{"start":{"line":39,"column":47},"end":{"line":39,"column":49}},{"start":{"line":39,"column":47},"end":{"line":39,"column":58}}]},"9":{"loc":{"start":{"line":39,"column":23},"end":{"line":39,"column":49}},"type":"binary-expr","locations":[{"start":{"line":39,"column":23},"end":{"line":39,"column":49}},{"start":{"line":39,"column":47},"end":{"line":39,"column":49}}]},"10":{"loc":{"start":{"line":49,"column":21},"end":{"line":49,"column":56}},"type":"cond-expr","locations":[{"start":{"line":49,"column":45},"end":{"line":49,"column":47}},{"start":{"line":49,"column":45},"end":{"line":49,"column":56}}]},"11":{"loc":{"start":{"line":49,"column":21},"end":{"line":49,"column":47}},"type":"binary-expr","locations":[{"start":{"line":49,"column":21},"end":{"line":49,"column":47}},{"start":{"line":49,"column":45},"end":{"line":49,"column":47}}]},"12":{"loc":{"start":{"line":59,"column":15},"end":{"line":59,"column":72}},"type":"binary-expr","locations":[{"start":{"line":59,"column":15},"end":{"line":59,"column":26}},{"start":{"line":59,"column":30},"end":{"line":59,"column":72}}]},"13":{"loc":{"start":{"line":60,"column":15},"end":{"line":60,"column":70}},"type":"binary-expr","locations":[{"start":{"line":60,"column":15},"end":{"line":60,"column":26}},{"start":{"line":60,"column":30},"end":{"line":60,"column":70}}]},"14":{"loc":{"start":{"line":66,"column":4},"end":{"line":71,"column":null}},"type":"binary-expr","locations":[{"start":{"line":66,"column":4},"end":{"line":66,"column":17}},{"start":{"line":67,"column":4},"end":{"line":67,"column":29}},{"start":{"line":68,"column":4},"end":{"line":71,"column":null}}]},"15":{"loc":{"start":{"line":73,"column":4},"end":{"line":78,"column":null}},"type":"binary-expr","locations":[{"start":{"line":73,"column":4},"end":{"line":73,"column":17}},{"start":{"line":74,"column":4},"end":{"line":74,"column":30}},{"start":{"line":75,"column":4},"end":{"line":78,"column":null}}]},"16":{"loc":{"start":{"line":81,"column":4},"end":{"line":86,"column":null}},"type":"binary-expr","locations":[{"start":{"line":81,"column":4},"end":{"line":81,"column":17}},{"start":{"line":82,"column":4},"end":{"line":82,"column":29}},{"start":{"line":83,"column":4},"end":{"line":86,"column":null}}]},"17":{"loc":{"start":{"line":89,"column":4},"end":{"line":92,"column":null}},"type":"binary-expr","locations":[{"start":{"line":89,"column":4},"end":{"line":89,"column":14}},{"start":{"line":90,"column":4},"end":{"line":92,"column":null}}]},"18":{"loc":{"start":{"line":95,"column":4},"end":{"line":98,"column":null}},"type":"binary-expr","locations":[{"start":{"line":95,"column":4},"end":{"line":95,"column":16}},{"start":{"line":96,"column":4},"end":{"line":98,"column":null}}]}},"s":{"0":1,"1":1,"2":1,"3":1,"4":1,"5":1,"6":1,"7":1,"8":1,"9":1,"10":1,"11":0,"12":0,"13":1,"14":1,"15":1,"16":1,"17":1,"18":1,"19":1,"20":1,"21":1},"f":{"0":1,"1":1,"2":1,"3":1,"4":1,"5":1,"6":1,"7":1,"8":0,"9":0,"10":1,"11":1,"12":1,"13":1,"14":1,"15":1,"16":1,"17":1,"18":1},"b":{"0":[1,0],"1":[1,0],"2":[1,0],"3":[1,0],"4":[1,0],"5":[1,0],"6":[1,0],"7":[1,0],"8":[0,0],"9":[0,0],"10":[0,1],"11":[1,1],"12":[1,0],"13":[1,0],"14":[1,0,0],"15":[1,0,0],"16":[1,0,0],"17":[1,1],"18":[1,1]}}
,"/home/jhonatansaman/Documents/projects/gok/pernambucanas-ui-kit/src/components/typography/Title/index.tsx": {"path":"/home/jhonatansaman/Documents/projects/gok/pernambucanas-ui-kit/src/components/typography/Title/index.tsx","statementMap":{"0":{"start":{"line":1,"column":0},"end":{"line":1,"column":25}},"1":{"start":{"line":3,"column":0},"end":{"line":3,"column":47}},"2":{"start":{"line":5,"column":13},"end":{"line":29,"column":null}},"3":{"start":{"line":5,"column":50},"end":{"line":5,"column":55}},"4":{"start":{"line":5,"column":60},"end":{"line":5,"column":64}},"5":{"start":{"line":6,"column":2},"end":{"line":18,"column":null}},"6":{"start":{"line":7,"column":4},"end":{"line":17,"column":null}},"7":{"start":{"line":20,"column":2},"end":{"line":28,"column":null}}},"fnMap":{"0":{"name":"(anonymous_2)","decl":{"start":{"line":5,"column":39},"end":{"line":5,"column":40}},"loc":{"start":{"line":5,"column":66},"end":{"line":29,"column":1}}}},"branchMap":{"0":{"loc":{"start":{"line":6,"column":2},"end":{"line":18,"column":null}},"type":"if","locations":[{"start":{"line":6,"column":2},"end":{"line":18,"column":null}}]}},"s":{"0":1,"1":1,"2":1,"3":0,"4":0,"5":0,"6":0,"7":0},"f":{"0":0},"b":{"0":[0]}}
}
